music_app/android/app/build/intermediates/manifest_merge_blame_file/debug/manifest-merger-blame-debug-report.txt
1<?xml version="1.0" encoding="utf-8"?>
2<manifest xmlns:android="http://schemas.android.com/apk/res/android"
3    package="com.example.music_app"
4    android:versionCode="1"
5    android:versionName="1.0.0" >
6
7    <uses-sdk
8        android:minSdkVersion="19"
9        android:targetSdkVersion="33" />
10    <!--
11         The INTERNET permission is required for development. Specifically,
12         the Flutter tool needs it to communicate with the running application
13         to allow setting breakpoints, to provide hot reload, etc.
14    -->
15    <uses-permission android:name="android.permission.INTERNET" />
15-->src\debug\AndroidManifest.xml:6:5-66
15-->src\debug\AndroidManifest.xml:6:22-64
16    <!--
17     Required to query activities that can process text, see:
18         https://developer.android.com/training/package-visibility?hl=en and
19         https://developer.android.com/reference/android/content/Intent#ACTION_PROCESS_TEXT.
20
21         In particular, this is used by the Flutter engine in io.flutter.plugin.text.ProcessTextPlugin.
22    -->
23    <queries>
23-->src\main\AndroidManifest.xml:38:5-43:15
24        <intent>
24-->src\main\AndroidManifest.xml:39:9-42:18
25            <action android:name="android.intent.action.PROCESS_TEXT" />
25-->src\main\AndroidManifest.xml:40:13-72
25-->src\main\AndroidManifest.xml:40:21-70
26
27            <data android:mimeType="text/plain" />
27-->src\main\AndroidManifest.xml:41:13-50
27-->src\main\AndroidManifest.xml:41:19-48
28        </intent>
29        <intent>
29-->[androidx.media2:media2-session:1.2.1] AndroidManifest.xml:25:9-27:18
30            <action android:name="android.media.browse.MediaBrowserService" />
30-->[:assets_audio_player] AndroidManifest.xml:35:17-83
30-->[:assets_audio_player] AndroidManifest.xml:35:25-80
31        </intent>
32        <intent>
32-->[androidx.media2:media2-session:1.2.1] AndroidManifest.xml:28:9-30:18
33            <action android:name="androidx.media2.session.MediaSessionService" />
33-->[androidx.media2:media2-session:1.2.1] AndroidManifest.xml:29:13-82
33-->[androidx.media2:media2-session:1.2.1] AndroidManifest.xml:29:21-79
34        </intent>
35        <intent>
35-->[androidx.media2:media2-session:1.2.1] AndroidManifest.xml:31:9-33:18
36            <action android:name="androidx.media2.session.MediaLibraryService" />
36-->[androidx.media2:media2-session:1.2.1] AndroidManifest.xml:32:13-82
36-->[androidx.media2:media2-session:1.2.1] AndroidManifest.xml:32:21-79
37        </intent>
38    </queries>
39
40    <uses-permission android:name="android.permission.FOREGROUND_SERVICE" />
40-->[:assets_audio_player] AndroidManifest.xml:9:5-77
40-->[:assets_audio_player] AndroidManifest.xml:9:22-74
41    <uses-permission android:name="android.permission.VIBRATE" />
41-->[:assets_audio_player] AndroidManifest.xml:10:5-66
41-->[:assets_audio_player] AndroidManifest.xml:10:22-63
42    <uses-permission android:name="android.permission.WAKE_LOCK" />
42-->[:assets_audio_player] AndroidManifest.xml:11:5-68
42-->[:assets_audio_player] AndroidManifest.xml:11:22-65
43    <uses-permission android:name="android.permission.WRITE_EXTERNAL_STORAGE" />
44    <uses-permission android:name="android.permission.READ_PHONE_STATE" />
45    <uses-permission android:name="android.permission.READ_EXTERNAL_STORAGE" />
46    <uses-permission android:name="android.permission.ACCESS_NETWORK_STATE" />
46-->[com.google.android.exoplayer:exoplayer-core:2.18.7] AndroidManifest.xml:24:5-79
46-->[com.google.android.exoplayer:exoplayer-core:2.18.7] AndroidManifest.xml:24:22-76
47
48    <application
49        android:name="android.app.Application"
50        android:appComponentFactory="androidx.core.app.CoreComponentFactory"
50-->[androidx.core:core:1.7.0] AndroidManifest.xml:24:18-86
51        android:debuggable="true"
52        android:icon="@mipmap/ic_launcher"
53        android:label="music_app" >
54        <activity
55            android:name="com.example.music_app.MainActivity"
56            android:configChanges="orientation|keyboardHidden|keyboard|screenSize|smallestScreenSize|locale|layoutDirection|fontScale|screenLayout|density|uiMode"
57            android:exported="true"
58            android:hardwareAccelerated="true"
59            android:launchMode="singleTop"
60            android:theme="@style/LaunchTheme"
61            android:windowSoftInputMode="adjustResize" >
62
63            <!--
64                 Specifies an Android theme to apply to this Activity as soon as
65                 the Android process has started. This theme is visible to the user
66                 while the Flutter UI initializes. After that, this theme continues
67                 to determine the Window background behind the Flutter UI.
68            -->
69            <meta-data
70                android:name="io.flutter.embedding.android.NormalTheme"
71                android:resource="@style/NormalTheme" />
72
73            <intent-filter>
74                <action android:name="android.intent.action.MAIN" />
75
76                <category android:name="android.intent.category.LAUNCHER" />
77            </intent-filter>
78        </activity>
79        <!--
80             Don't delete the meta-data below.
81             This is used by the Flutter tool to generate GeneratedPluginRegistrant.java
82        -->
83        <meta-data
84            android:name="flutterEmbedding"
85            android:value="2" />
86
87        <receiver
87-->[:assets_audio_player] AndroidManifest.xml:14:9-20:20
88            android:name="com.github.florent37.assets_audio_player.notification.NotificationActionReceiver"
88-->[:assets_audio_player] AndroidManifest.xml:15:13-108
89            android:exported="true" >
89-->[:assets_audio_player] AndroidManifest.xml:16:13-36
90            <intent-filter>
90-->[:assets_audio_player] AndroidManifest.xml:17:13-19:29
91                <action android:name="android.intent.action.MEDIA_BUTTON" />
91-->[:assets_audio_player] AndroidManifest.xml:18:17-77
91-->[:assets_audio_player] AndroidManifest.xml:18:25-74
92            </intent-filter>
93        </receiver>
94        <receiver
94-->[:assets_audio_player] AndroidManifest.xml:21:9-27:20
95            android:name="com.github.florent37.assets_audio_player.notification.CustomMediaButtonReceiver"
95-->[:assets_audio_player] AndroidManifest.xml:22:13-107
96            android:exported="true" >
96-->[:assets_audio_player] AndroidManifest.xml:23:13-36
97            <intent-filter>
97-->[:assets_audio_player] AndroidManifest.xml:17:13-19:29
98                <action android:name="android.intent.action.MEDIA_BUTTON" />
98-->[:assets_audio_player] AndroidManifest.xml:18:17-77
98-->[:assets_audio_player] AndroidManifest.xml:18:25-74
99            </intent-filter>
100        </receiver>
101
102        <service
102-->[:assets_audio_player] AndroidManifest.xml:29:9-40:19
103            android:name="com.github.florent37.assets_audio_player.notification.NotificationService"
103-->[:assets_audio_player] AndroidManifest.xml:30:13-101
104            android:enabled="true"
104-->[:assets_audio_player] AndroidManifest.xml:31:13-35
105            android:exported="true"
105-->[:assets_audio_player] AndroidManifest.xml:32:13-36
106            android:foregroundServiceType="mediaPlayback" >
106-->[:assets_audio_player] AndroidManifest.xml:33:13-58
107            <intent-filter>
107-->[:assets_audio_player] AndroidManifest.xml:34:13-36:29
108                <action android:name="android.media.browse.MediaBrowserService" />
108-->[:assets_audio_player] AndroidManifest.xml:35:17-83
108-->[:assets_audio_player] AndroidManifest.xml:35:25-80
109            </intent-filter>
110            <intent-filter>
110-->[:assets_audio_player] AndroidManifest.xml:17:13-19:29
111                <action android:name="android.intent.action.MEDIA_BUTTON" />
111-->[:assets_audio_player] AndroidManifest.xml:18:17-77
111-->[:assets_audio_player] AndroidManifest.xml:18:25-74
112            </intent-filter>
113        </service>
114
115        <uses-library
115-->[androidx.window:window:1.0.0-beta04] AndroidManifest.xml:25:9-27:40
116            android:name="androidx.window.extensions"
116-->[androidx.window:window:1.0.0-beta04] AndroidManifest.xml:26:13-54
117            android:required="false" />
117-->[androidx.window:window:1.0.0-beta04] AndroidManifest.xml:27:13-37
118        <uses-library
118-->[androidx.window:window:1.0.0-beta04] AndroidManifest.xml:28:9-30:40
119            android:name="androidx.window.sidecar"
119-->[androidx.window:window:1.0.0-beta04] AndroidManifest.xml:29:13-51
120            android:required="false" />
120-->[androidx.window:window:1.0.0-beta04] AndroidManifest.xml:30:13-37
121    </application>
122
123</manifest>